[2024-09-02T18:37:16.779505+00:00] http_client.INFO: Request: "GET https://data.jsdelivr.com/v1/packages/npm/@hotwired/stimulus/resolved?specifier=%5E3.0.0" [] []
[2024-09-02T18:37:17.128959+00:00] http_client.INFO: Response: "200 https://data.jsdelivr.com/v1/packages/npm/@hotwired/stimulus/resolved?specifier=%5E3.0.0" [] []
[2024-09-02T18:37:17.130384+00:00] http_client.INFO: Request: "GET https://cdn.jsdelivr.net/npm/@hotwired/stimulus@3.2.2/+esm" [] []
[2024-09-02T18:37:17.130701+00:00] http_client.INFO: Request: "GET https://data.jsdelivr.com/v1/packages/npm/@hotwired/stimulus@3.2.2/entrypoints" [] []
[2024-09-02T18:37:17.340284+00:00] http_client.INFO: Response: "200 https://cdn.jsdelivr.net/npm/@hotwired/stimulus@3.2.2/+esm" [] []
[2024-09-02T18:37:17.347115+00:00] http_client.INFO: Response: "200 https://data.jsdelivr.com/v1/packages/npm/@hotwired/stimulus@3.2.2/entrypoints" [] []
[2024-09-02T18:37:17.348815+00:00] http_client.INFO: Request: "GET https://cdn.jsdelivr.net/npm/@hotwired/stimulus@3.2.2/+esm" [] []
[2024-09-02T18:37:17.409866+00:00] http_client.INFO: Response: "200 https://cdn.jsdelivr.net/npm/@hotwired/stimulus@3.2.2/+esm" [] []
[2024-09-02T18:37:19.606608+00:00] http_client.INFO: Request: "GET https://data.jsdelivr.com/v1/packages/npm/@hotwired/turbo/resolved?specifier=%5E7.1.0" [] []
[2024-09-02T18:37:19.816763+00:00] http_client.INFO: Response: "200 https://data.jsdelivr.com/v1/packages/npm/@hotwired/turbo/resolved?specifier=%5E7.1.0" [] []
[2024-09-02T18:37:19.817401+00:00] http_client.INFO: Request: "GET https://cdn.jsdelivr.net/npm/@hotwired/turbo@7.3.0/+esm" [] []
[2024-09-02T18:37:19.817712+00:00] http_client.INFO: Request: "GET https://data.jsdelivr.com/v1/packages/npm/@hotwired/turbo@7.3.0/entrypoints" [] []
[2024-09-02T18:37:19.979179+00:00] http_client.INFO: Response: "200 https://cdn.jsdelivr.net/npm/@hotwired/turbo@7.3.0/+esm" [] []
[2024-09-02T18:37:19.990396+00:00] http_client.INFO: Response: "200 https://data.jsdelivr.com/v1/packages/npm/@hotwired/turbo@7.3.0/entrypoints" [] []
[2024-09-02T18:37:19.992374+00:00] http_client.INFO: Request: "GET https://cdn.jsdelivr.net/npm/@hotwired/turbo@7.3.0/+esm" [] []
[2024-09-02T18:37:20.062772+00:00] http_client.INFO: Response: "200 https://cdn.jsdelivr.net/npm/@hotwired/turbo@7.3.0/+esm" [] []
[2024-09-02T18:52:33.824328+00:00] doctrine.INFO: Connecting with parameters array{"use_savepoints":true,"driver":"pdo_mysql","idle_connection_ttl":600,"host":"127.0.0.1","port":8889,"user":"root","password":"<redacted>","driverOptions":[],"defaultTableOptions":[],"serverVersion":"8.0.32","charset":"utf8mb4"} {"params":{"use_savepoints":true,"driver":"pdo_mysql","idle_connection_ttl":600,"host":"127.0.0.1","port":8889,"user":"root","password":"<redacted>","driverOptions":[],"defaultTableOptions":[],"serverVersion":"8.0.32","charset":"utf8mb4"}} []
[2024-09-02T18:52:34.882046+00:00] doctrine.DEBUG: Executing statement: CREATE DATABASE `arcadiadb` {"sql":"CREATE DATABASE `arcadiadb`"} []
[2024-09-02T18:52:35.021013+00:00] doctrine.INFO: Disconnecting [] []
[2024-09-02T18:52:57.978877+00:00] php.DEBUG: Warning: filemtime(): stat failed for /Applications/MAMP/htdocs/Arcadia-Zoo2/config/routes/framework.yaml {"exception":{"Symfony\\Component\\ErrorHandler\\Exception\\SilencedErrorContext":{"severity":2,"file":"/Applications/MAMP/htdocs/Arcadia-Zoo/vendor/symfony/config/Resource/FileResource.php","line":58,"trace":[{"file":"/Applications/MAMP/htdocs/Arcadia-Zoo/vendor/symfony/config/Resource/SelfCheckingResourceChecker.php","line":44,"function":"isFresh","class":"Symfony\\Component\\Config\\Resource\\FileResource","type":"->"}],"count":1}}} []
[2024-09-02T18:52:58.206435+00:00] request.ERROR: Uncaught PHP Exception Symfony\Component\HttpKernel\Exception\NotFoundHttpException: "No route found for "GET http://127.0.0.1:8000/"" at RouterListener.php line 149 {"exception":"[object] (Symfony\\Component\\HttpKernel\\Exception\\NotFoundHttpException(code: 0): No route found for \"GET http://127.0.0.1:8000/\" at /Applications/MAMP/htdocs/Arcadia-Zoo/vendor/symfony/http-kernel/EventListener/RouterListener.php:149)\n[previous exception] [object] (Symfony\\Component\\Routing\\Exception\\NoConfigurationException(code: 0):  at /Applications/MAMP/htdocs/Arcadia-Zoo/vendor/symfony/routing/Matcher/Dumper/CompiledUrlMatcherTrait.php:181)"} []
[2024-09-02T18:52:58.967554+00:00] request.INFO: Matched route "_wdt". {"route":"_wdt","route_parameters":{"_route":"_wdt","_controller":"web_profiler.controller.profiler::toolbarAction","token":"23f48e"},"request_uri":"http://127.0.0.1:8000/_wdt/23f48e?XDEBUG_IGNORE=1","method":"GET"} []
[2024-09-09T17:56:53.280345+00:00] request.ERROR: Uncaught PHP Exception Symfony\Component\HttpKernel\Exception\NotFoundHttpException: "No route found for "GET http://127.0.0.1:8000/"" at RouterListener.php line 149 {"exception":"[object] (Symfony\\Component\\HttpKernel\\Exception\\NotFoundHttpException(code: 0): No route found for \"GET http://127.0.0.1:8000/\" at /Applications/MAMP/htdocs/Arcadia-Zoo/vendor/symfony/http-kernel/EventListener/RouterListener.php:149)\n[previous exception] [object] (Symfony\\Component\\Routing\\Exception\\NoConfigurationException(code: 0):  at /Applications/MAMP/htdocs/Arcadia-Zoo/vendor/symfony/routing/Matcher/Dumper/CompiledUrlMatcherTrait.php:181)"} []
[2024-09-09T17:56:54.814156+00:00] request.INFO: Matched route "_wdt". {"route":"_wdt","route_parameters":{"_route":"_wdt","_controller":"web_profiler.controller.profiler::toolbarAction","token":"719f6a"},"request_uri":"http://127.0.0.1:8000/_wdt/719f6a?XDEBUG_IGNORE=1","method":"GET"} []
[2024-09-09T17:57:19.951916+00:00] deprecation.INFO: User Deprecated: Since symfony/maker-bundle v1.59.0: The "Symfony\Bundle\MakerBundle\Maker\MakeAuthenticator" class is deprecated, use any of the Security\Make* commands instead. {"exception":"[object] (ErrorException(code: 0): User Deprecated: Since symfony/maker-bundle v1.59.0: The \"Symfony\\Bundle\\MakerBundle\\Maker\\MakeAuthenticator\" class is deprecated, use any of the Security\\Make* commands instead. at /Applications/MAMP/htdocs/Arcadia-Zoo/vendor/symfony/maker-bundle/src/Maker/MakeAuthenticator.php:100)"} []
[2024-09-09T18:01:21.837180+00:00] php.DEBUG: Warning: filemtime(): stat failed for /Applications/MAMP/htdocs/Arcadia-Zoo2/vendor/symfony/validator/Resources/translations/validators.en.xlf {"exception":{"Symfony\\Component\\ErrorHandler\\Exception\\SilencedErrorContext":{"severity":2,"file":"/Applications/MAMP/htdocs/Arcadia-Zoo/vendor/symfony/config/Resource/FileResource.php","line":58,"trace":[{"file":"/Applications/MAMP/htdocs/Arcadia-Zoo/vendor/symfony/config/Resource/SelfCheckingResourceChecker.php","line":44,"function":"isFresh","class":"Symfony\\Component\\Config\\Resource\\FileResource","type":"->"}],"count":1}}} []
[2024-09-09T18:01:22.075747+00:00] php.DEBUG: Warning: filemtime(): stat failed for /Applications/MAMP/htdocs/Arcadia-Zoo2/vendor/symfony/validator/Resources/translations/validators.af.xlf [] []
[2024-09-09T18:01:22.251489+00:00] php.DEBUG: Warning: filemtime(): stat failed for /Applications/MAMP/htdocs/Arcadia-Zoo2/vendor/symfony/validator/Resources/translations/validators.ar.xlf [] []
[2024-09-09T18:01:22.385067+00:00] php.DEBUG: Warning: filemtime(): stat failed for /Applications/MAMP/htdocs/Arcadia-Zoo2/vendor/symfony/validator/Resources/translations/validators.az.xlf [] []
[2024-09-09T18:01:22.601085+00:00] php.DEBUG: Warning: filemtime(): stat failed for /Applications/MAMP/htdocs/Arcadia-Zoo2/vendor/symfony/validator/Resources/translations/validators.be.xlf [] []
[2024-09-09T18:01:22.756735+00:00] php.DEBUG: Warning: filemtime(): stat failed for /Applications/MAMP/htdocs/Arcadia-Zoo2/vendor/symfony/validator/Resources/translations/validators.bg.xlf [] []
[2024-09-09T18:01:22.927894+00:00] php.DEBUG: Warning: filemtime(): stat failed for /Applications/MAMP/htdocs/Arcadia-Zoo2/vendor/symfony/validator/Resources/translations/validators.bs.xlf [] []
[2024-09-09T18:01:23.147061+00:00] php.DEBUG: Warning: filemtime(): stat failed for /Applications/MAMP/htdocs/Arcadia-Zoo2/vendor/symfony/validator/Resources/translations/validators.ca.xlf [] []
[2024-09-09T18:01:23.232360+00:00] php.DEBUG: Warning: filemtime(): stat failed for /Applications/MAMP/htdocs/Arcadia-Zoo2/vendor/symfony/validator/Resources/translations/validators.cs.xlf [] []
[2024-09-09T18:01:23.351527+00:00] php.DEBUG: Warning: filemtime(): stat failed for /Applications/MAMP/htdocs/Arcadia-Zoo2/vendor/symfony/validator/Resources/translations/validators.cy.xlf [] []
[2024-09-09T18:01:23.452207+00:00] php.DEBUG: Warning: filemtime(): stat failed for /Applications/MAMP/htdocs/Arcadia-Zoo2/vendor/symfony/validator/Resources/translations/validators.da.xlf [] []
[2024-09-09T18:01:23.644132+00:00] php.DEBUG: Warning: filemtime(): stat failed for /Applications/MAMP/htdocs/Arcadia-Zoo2/vendor/symfony/validator/Resources/translations/validators.de.xlf [] []
[2024-09-09T18:01:23.742412+00:00] php.DEBUG: Warning: filemtime(): stat failed for /Applications/MAMP/htdocs/Arcadia-Zoo2/vendor/symfony/validator/Resources/translations/validators.el.xlf [] []
[2024-09-09T18:01:23.813145+00:00] php.DEBUG: Warning: filemtime(): stat failed for /Applications/MAMP/htdocs/Arcadia-Zoo2/vendor/symfony/validator/Resources/translations/validators.es.xlf [] []
[2024-09-09T18:01:23.890730+00:00] php.DEBUG: Warning: filemtime(): stat failed for /Applications/MAMP/htdocs/Arcadia-Zoo2/vendor/symfony/validator/Resources/translations/validators.et.xlf [] []
[2024-09-09T18:01:24.095191+00:00] php.DEBUG: Warning: filemtime(): stat failed for /Applications/MAMP/htdocs/Arcadia-Zoo2/vendor/symfony/validator/Resources/translations/validators.eu.xlf [] []
[2024-09-09T18:01:24.240041+00:00] php.DEBUG: Warning: filemtime(): stat failed for /Applications/MAMP/htdocs/Arcadia-Zoo2/vendor/symfony/validator/Resources/translations/validators.fa.xlf [] []
[2024-09-09T18:01:24.472553+00:00] php.DEBUG: Warning: filemtime(): stat failed for /Applications/MAMP/htdocs/Arcadia-Zoo2/vendor/symfony/validator/Resources/translations/validators.fi.xlf [] []
[2024-09-09T18:01:24.576570+00:00] php.DEBUG: Warning: filemtime(): stat failed for /Applications/MAMP/htdocs/Arcadia-Zoo2/vendor/symfony/validator/Resources/translations/validators.fr.xlf [] []
[2024-09-09T18:01:24.658391+00:00] php.DEBUG: Warning: filemtime(): stat failed for /Applications/MAMP/htdocs/Arcadia-Zoo2/vendor/symfony/validator/Resources/translations/validators.gl.xlf [] []
[2024-09-09T18:01:24.750839+00:00] php.DEBUG: Warning: filemtime(): stat failed for /Applications/MAMP/htdocs/Arcadia-Zoo2/vendor/symfony/validator/Resources/translations/validators.he.xlf [] []
[2024-09-09T18:01:24.826953+00:00] php.DEBUG: Warning: filemtime(): stat failed for /Applications/MAMP/htdocs/Arcadia-Zoo2/vendor/symfony/validator/Resources/translations/validators.hr.xlf [] []
[2024-09-09T18:01:24.911511+00:00] php.DEBUG: Warning: filemtime(): stat failed for /Applications/MAMP/htdocs/Arcadia-Zoo2/vendor/symfony/validator/Resources/translations/validators.hu.xlf [] []
[2024-09-09T18:01:25.010888+00:00] php.DEBUG: Warning: filemtime(): stat failed for /Applications/MAMP/htdocs/Arcadia-Zoo2/vendor/symfony/validator/Resources/translations/validators.hy.xlf [] []
[2024-09-09T18:01:25.100961+00:00] php.DEBUG: Warning: filemtime(): stat failed for /Applications/MAMP/htdocs/Arcadia-Zoo2/vendor/symfony/validator/Resources/translations/validators.id.xlf [] []
[2024-09-09T18:01:25.200351+00:00] php.DEBUG: Warning: filemtime(): stat failed for /Applications/MAMP/htdocs/Arcadia-Zoo2/vendor/symfony/validator/Resources/translations/validators.it.xlf [] []
[2024-09-09T18:01:25.288935+00:00] php.DEBUG: Warning: filemtime(): stat failed for /Applications/MAMP/htdocs/Arcadia-Zoo2/vendor/symfony/validator/Resources/translations/validators.ja.xlf [] []
[2024-09-09T18:01:25.371602+00:00] php.DEBUG: Warning: filemtime(): stat failed for /Applications/MAMP/htdocs/Arcadia-Zoo2/vendor/symfony/validator/Resources/translations/validators.lb.xlf [] []
[2024-09-09T18:01:25.458589+00:00] php.DEBUG: Warning: filemtime(): stat failed for /Applications/MAMP/htdocs/Arcadia-Zoo2/vendor/symfony/validator/Resources/translations/validators.lt.xlf [] []
[2024-09-09T18:01:25.537131+00:00] php.DEBUG: Warning: filemtime(): stat failed for /Applications/MAMP/htdocs/Arcadia-Zoo2/vendor/symfony/validator/Resources/translations/validators.lv.xlf [] []
[2024-09-09T18:01:25.596625+00:00] php.DEBUG: Warning: filemtime(): stat failed for /Applications/MAMP/htdocs/Arcadia-Zoo2/vendor/symfony/validator/Resources/translations/validators.mk.xlf [] []
[2024-09-09T18:01:25.663789+00:00] php.DEBUG: Warning: filemtime(): stat failed for /Applications/MAMP/htdocs/Arcadia-Zoo2/vendor/symfony/validator/Resources/translations/validators.mn.xlf [] []
[2024-09-09T18:01:25.755864+00:00] php.DEBUG: Warning: filemtime(): stat failed for /Applications/MAMP/htdocs/Arcadia-Zoo2/vendor/symfony/validator/Resources/translations/validators.my.xlf [] []
[2024-09-09T18:01:25.828580+00:00] php.DEBUG: Warning: filemtime(): stat failed for /Applications/MAMP/htdocs/Arcadia-Zoo2/vendor/symfony/validator/Resources/translations/validators.nb.xlf [] []
[2024-09-09T18:01:26.002008+00:00] php.DEBUG: Warning: filemtime(): stat failed for /Applications/MAMP/htdocs/Arcadia-Zoo2/vendor/symfony/validator/Resources/translations/validators.nl.xlf [] []
[2024-09-09T18:01:26.094822+00:00] php.DEBUG: Warning: filemtime(): stat failed for /Applications/MAMP/htdocs/Arcadia-Zoo2/vendor/symfony/validator/Resources/translations/validators.nn.xlf [] []
[2024-09-09T18:01:26.184043+00:00] php.DEBUG: Warning: filemtime(): stat failed for /Applications/MAMP/htdocs/Arcadia-Zoo2/vendor/symfony/validator/Resources/translations/validators.no.xlf [] []
[2024-09-09T18:01:26.273969+00:00] php.DEBUG: Warning: filemtime(): stat failed for /Applications/MAMP/htdocs/Arcadia-Zoo2/vendor/symfony/validator/Resources/translations/validators.pl.xlf [] []
[2024-09-09T18:01:26.358953+00:00] php.DEBUG: Warning: filemtime(): stat failed for /Applications/MAMP/htdocs/Arcadia-Zoo2/vendor/symfony/validator/Resources/translations/validators.pt.xlf [] []
[2024-09-09T18:01:26.445084+00:00] php.DEBUG: Warning: filemtime(): stat failed for /Applications/MAMP/htdocs/Arcadia-Zoo2/vendor/symfony/validator/Resources/translations/validators.pt_BR.xlf [] []
[2024-09-09T18:01:26.538462+00:00] php.DEBUG: Warning: filemtime(): stat failed for /Applications/MAMP/htdocs/Arcadia-Zoo2/vendor/symfony/validator/Resources/translations/validators.ro.xlf [] []
[2024-09-09T18:01:26.622281+00:00] php.DEBUG: Warning: filemtime(): stat failed for /Applications/MAMP/htdocs/Arcadia-Zoo2/vendor/symfony/validator/Resources/translations/validators.ru.xlf [] []
[2024-09-09T18:01:26.751778+00:00] php.DEBUG: Warning: filemtime(): stat failed for /Applications/MAMP/htdocs/Arcadia-Zoo2/vendor/symfony/validator/Resources/translations/validators.sk.xlf [] []
[2024-09-09T18:01:26.831380+00:00] php.DEBUG: Warning: filemtime(): stat failed for /Applications/MAMP/htdocs/Arcadia-Zoo2/vendor/symfony/validator/Resources/translations/validators.sl.xlf [] []
[2024-09-09T18:01:26.920849+00:00] php.DEBUG: Warning: filemtime(): stat failed for /Applications/MAMP/htdocs/Arcadia-Zoo2/vendor/symfony/validator/Resources/translations/validators.sq.xlf [] []
[2024-09-09T18:01:26.988625+00:00] php.DEBUG: Warning: filemtime(): stat failed for /Applications/MAMP/htdocs/Arcadia-Zoo2/vendor/symfony/validator/Resources/translations/validators.sr_Cyrl.xlf [] []
[2024-09-09T18:01:27.088005+00:00] php.DEBUG: Warning: filemtime(): stat failed for /Applications/MAMP/htdocs/Arcadia-Zoo2/vendor/symfony/validator/Resources/translations/validators.sr_Latn.xlf [] []
[2024-09-09T18:01:27.182084+00:00] php.DEBUG: Warning: filemtime(): stat failed for /Applications/MAMP/htdocs/Arcadia-Zoo2/vendor/symfony/validator/Resources/translations/validators.sv.xlf [] []
[2024-09-09T18:01:27.353388+00:00] php.DEBUG: Warning: filemtime(): stat failed for /Applications/MAMP/htdocs/Arcadia-Zoo2/vendor/symfony/validator/Resources/translations/validators.th.xlf [] []
[2024-09-09T18:01:27.446504+00:00] php.DEBUG: Warning: filemtime(): stat failed for /Applications/MAMP/htdocs/Arcadia-Zoo2/vendor/symfony/validator/Resources/translations/validators.tl.xlf [] []
[2024-09-09T18:01:27.514913+00:00] php.DEBUG: Warning: filemtime(): stat failed for /Applications/MAMP/htdocs/Arcadia-Zoo2/vendor/symfony/validator/Resources/translations/validators.tr.xlf [] []
[2024-09-09T18:01:27.578009+00:00] php.DEBUG: Warning: filemtime(): stat failed for /Applications/MAMP/htdocs/Arcadia-Zoo2/vendor/symfony/validator/Resources/translations/validators.uk.xlf [] []
[2024-09-09T18:01:27.629867+00:00] php.DEBUG: Warning: filemtime(): stat failed for /Applications/MAMP/htdocs/Arcadia-Zoo2/vendor/symfony/validator/Resources/translations/validators.ur.xlf [] []
[2024-09-09T18:01:27.803839+00:00] php.DEBUG: Warning: filemtime(): stat failed for /Applications/MAMP/htdocs/Arcadia-Zoo2/vendor/symfony/validator/Resources/translations/validators.uz.xlf [] []
[2024-09-09T18:01:27.904296+00:00] php.DEBUG: Warning: filemtime(): stat failed for /Applications/MAMP/htdocs/Arcadia-Zoo2/vendor/symfony/validator/Resources/translations/validators.vi.xlf [] []
[2024-09-09T18:01:28.009069+00:00] php.DEBUG: Warning: filemtime(): stat failed for /Applications/MAMP/htdocs/Arcadia-Zoo2/vendor/symfony/validator/Resources/translations/validators.zh_CN.xlf [] []
[2024-09-09T18:01:28.123826+00:00] php.DEBUG: Warning: filemtime(): stat failed for /Applications/MAMP/htdocs/Arcadia-Zoo2/vendor/symfony/validator/Resources/translations/validators.zh_TW.xlf [] []
[2024-09-09T18:02:54.816904+00:00] doctrine.INFO: Connecting with parameters array{"use_savepoints":true,"driver":"pdo_mysql","idle_connection_ttl":600,"host":"127.0.0.1","port":8889,"user":"root","password":"<redacted>","driverOptions":[],"defaultTableOptions":[],"dbname":"arcadiadb","serverVersion":"8.0.32","charset":"utf8mb4"} {"params":{"use_savepoints":true,"driver":"pdo_mysql","idle_connection_ttl":600,"host":"127.0.0.1","port":8889,"user":"root","password":"<redacted>","driverOptions":[],"defaultTableOptions":[],"dbname":"arcadiadb","serverVersion":"8.0.32","charset":"utf8mb4"}} []
[2024-09-09T18:02:55.261326+00:00] doctrine.DEBUG: Executing query: SELECT DATABASE() {"sql":"SELECT DATABASE()"} []
[2024-09-09T18:02:55.387178+00:00] doctrine.DEBUG: Executing statement: SELECT TABLE_NAME FROM information_schema.TABLES WHERE TABLE_SCHEMA = ?   AND TABLE_TYPE = 'BASE TABLE' ORDER BY TABLE_NAME (parameters: array{"1":"arcadiadb"}, types: array{"1":2}) {"sql":"SELECT TABLE_NAME\nFROM information_schema.TABLES\nWHERE TABLE_SCHEMA = ?\n  AND TABLE_TYPE = 'BASE TABLE'\nORDER BY TABLE_NAME","params":{"1":"arcadiadb"},"types":{"1":2}} []
[2024-09-09T18:02:55.583955+00:00] doctrine.DEBUG: Executing query: SELECT DATABASE() {"sql":"SELECT DATABASE()"} []
[2024-09-09T18:02:55.584442+00:00] doctrine.DEBUG: Executing statement: SELECT TABLE_NAME FROM information_schema.TABLES WHERE TABLE_SCHEMA = ?   AND TABLE_TYPE = 'BASE TABLE' ORDER BY TABLE_NAME (parameters: array{"1":"arcadiadb"}, types: array{"1":2}) {"sql":"SELECT TABLE_NAME\nFROM information_schema.TABLES\nWHERE TABLE_SCHEMA = ?\n  AND TABLE_TYPE = 'BASE TABLE'\nORDER BY TABLE_NAME","params":{"1":"arcadiadb"},"types":{"1":2}} []
[2024-09-09T18:02:55.631086+00:00] doctrine.DEBUG: Executing query: SELECT DATABASE() {"sql":"SELECT DATABASE()"} []
[2024-09-09T18:02:55.631651+00:00] doctrine.DEBUG: Executing statement: SELECT c.TABLE_NAME,       c.COLUMN_NAME        AS field,        c.COLUMN_TYPE       AS type,        c.IS_NULLABLE        AS `null`,        c.COLUMN_KEY         AS `key`,        c.COLUMN_DEFAULT     AS `default`,        c.EXTRA,        c.COLUMN_COMMENT     AS comment,        c.CHARACTER_SET_NAME AS characterset,        c.COLLATION_NAME     AS collation FROM information_schema.COLUMNS c     INNER JOIN information_schema.TABLES t         ON t.TABLE_NAME = c.TABLE_NAME      WHERE c.TABLE_SCHEMA = ? AND t.TABLE_SCHEMA = ? AND t.TABLE_TYPE = 'BASE TABLE' ORDER BY ORDINAL_POSITION (parameters: array{"1":"arcadiadb","2":"arcadiadb"}, types: array{"1":2,"2":2}) {"sql":"SELECT c.TABLE_NAME,       c.COLUMN_NAME        AS field,\n       c.COLUMN_TYPE       AS type,\n       c.IS_NULLABLE        AS `null`,\n       c.COLUMN_KEY         AS `key`,\n       c.COLUMN_DEFAULT     AS `default`,\n       c.EXTRA,\n       c.COLUMN_COMMENT     AS comment,\n       c.CHARACTER_SET_NAME AS characterset,\n       c.COLLATION_NAME     AS collation\nFROM information_schema.COLUMNS c\n    INNER JOIN information_schema.TABLES t\n        ON t.TABLE_NAME = c.TABLE_NAME\n     WHERE c.TABLE_SCHEMA = ? AND t.TABLE_SCHEMA = ? AND t.TABLE_TYPE = 'BASE TABLE' ORDER BY ORDINAL_POSITION","params":{"1":"arcadiadb","2":"arcadiadb"},"types":{"1":2,"2":2}} []
[2024-09-09T18:02:55.866665+00:00] doctrine.DEBUG: Executing statement: SELECT TABLE_NAME,        NON_UNIQUE  AS Non_Unique,         INDEX_NAME  AS Key_name,         COLUMN_NAME AS Column_Name,         SUB_PART    AS Sub_Part,         INDEX_TYPE  AS Index_Type FROM information_schema.STATISTICS WHERE TABLE_SCHEMA = ? ORDER BY SEQ_IN_INDEX (parameters: array{"1":"arcadiadb"}, types: array{"1":2}) {"sql":"SELECT TABLE_NAME,        NON_UNIQUE  AS Non_Unique,\n        INDEX_NAME  AS Key_name,\n        COLUMN_NAME AS Column_Name,\n        SUB_PART    AS Sub_Part,\n        INDEX_TYPE  AS Index_Type\nFROM information_schema.STATISTICS WHERE TABLE_SCHEMA = ? ORDER BY SEQ_IN_INDEX","params":{"1":"arcadiadb"},"types":{"1":2}} []
[2024-09-09T18:02:55.883532+00:00] doctrine.DEBUG: Executing statement: SELECT DISTINCT k.TABLE_NAME,            k.CONSTRAINT_NAME,             k.COLUMN_NAME,             k.REFERENCED_TABLE_NAME,             k.REFERENCED_COLUMN_NAME,             k.ORDINAL_POSITION /*!50116,             c.UPDATE_RULE,             c.DELETE_RULE */ FROM information_schema.key_column_usage k /*!50116 INNER JOIN information_schema.referential_constraints c ON c.CONSTRAINT_NAME = k.CONSTRAINT_NAME AND c.TABLE_NAME = k.TABLE_NAME */ WHERE k.TABLE_SCHEMA = ? AND k.REFERENCED_COLUMN_NAME IS NOT NULL /*!50116 AND c.CONSTRAINT_SCHEMA = 'arcadiadb' */ ORDER BY k.ORDINAL_POSITION (parameters: array{"1":"arcadiadb"}, types: array{"1":2}) {"sql":"SELECT DISTINCT k.TABLE_NAME,            k.CONSTRAINT_NAME,\n            k.COLUMN_NAME,\n            k.REFERENCED_TABLE_NAME,\n            k.REFERENCED_COLUMN_NAME,\n            k.ORDINAL_POSITION /*!50116,\n            c.UPDATE_RULE,\n            c.DELETE_RULE */\nFROM information_schema.key_column_usage k /*!50116\nINNER JOIN information_schema.referential_constraints c\nON c.CONSTRAINT_NAME = k.CONSTRAINT_NAME\nAND c.TABLE_NAME = k.TABLE_NAME */ WHERE k.TABLE_SCHEMA = ? AND k.REFERENCED_COLUMN_NAME IS NOT NULL /*!50116 AND c.CONSTRAINT_SCHEMA = 'arcadiadb' */ ORDER BY k.ORDINAL_POSITION","params":{"1":"arcadiadb"},"types":{"1":2}} []
[2024-09-09T18:02:55.899900+00:00] doctrine.DEBUG: Executing statement:     SELECT t.TABLE_NAME,            t.ENGINE,            t.AUTO_INCREMENT,            t.TABLE_COMMENT,            t.CREATE_OPTIONS,            t.TABLE_COLLATION,            ccsa.CHARACTER_SET_NAME       FROM information_schema.TABLES t         INNER JOIN information_schema.COLLATION_CHARACTER_SET_APPLICABILITY ccsa           ON ccsa.COLLATION_NAME = t.TABLE_COLLATION WHERE t.TABLE_SCHEMA = ? AND t.TABLE_TYPE = 'BASE TABLE' (parameters: array{"1":"arcadiadb"}, types: array{"1":2}) {"sql":"    SELECT t.TABLE_NAME,\n           t.ENGINE,\n           t.AUTO_INCREMENT,\n           t.TABLE_COMMENT,\n           t.CREATE_OPTIONS,\n           t.TABLE_COLLATION,\n           ccsa.CHARACTER_SET_NAME\n      FROM information_schema.TABLES t\n        INNER JOIN information_schema.COLLATION_CHARACTER_SET_APPLICABILITY ccsa\n          ON ccsa.COLLATION_NAME = t.TABLE_COLLATION WHERE t.TABLE_SCHEMA = ? AND t.TABLE_TYPE = 'BASE TABLE'","params":{"1":"arcadiadb"},"types":{"1":2}} []
[2024-09-09T18:02:55.948760+00:00] doctrine.DEBUG: Executing query: SELECT DATABASE() {"sql":"SELECT DATABASE()"} []
[2024-09-09T18:02:56.104517+00:00] doctrine.DEBUG: Executing query: SELECT DATABASE() {"sql":"SELECT DATABASE()"} []
[2024-09-09T18:02:56.302806+00:00] deprecation.INFO: User Deprecated: Subscribing to onSchemaCreateTable events is deprecated. (AbstractPlatform.php:2191 called by AbstractPlatform.php:2110, https://github.com/doctrine/dbal/issues/5784, package doctrine/dbal) {"exception":"[object] (ErrorException(code: 0): User Deprecated: Subscribing to onSchemaCreateTable events is deprecated. (AbstractPlatform.php:2191 called by AbstractPlatform.php:2110, https://github.com/doctrine/dbal/issues/5784, package doctrine/dbal) at /Applications/MAMP/htdocs/Arcadia-Zoo/vendor/doctrine/deprecations/lib/Doctrine/Deprecations/Deprecation.php:210)"} []
[2024-09-09T18:02:56.326976+00:00] doctrine.INFO: Disconnecting [] []
[2024-09-09T18:03:06.297637+00:00] doctrine.INFO: Connecting with parameters array{"use_savepoints":true,"driver":"pdo_mysql","idle_connection_ttl":600,"host":"127.0.0.1","port":8889,"user":"root","password":"<redacted>","driverOptions":[],"defaultTableOptions":[],"dbname":"arcadiadb","serverVersion":"8.0.32","charset":"utf8mb4"} {"params":{"use_savepoints":true,"driver":"pdo_mysql","idle_connection_ttl":600,"host":"127.0.0.1","port":8889,"user":"root","password":"<redacted>","driverOptions":[],"defaultTableOptions":[],"dbname":"arcadiadb","serverVersion":"8.0.32","charset":"utf8mb4"}} []
[2024-09-09T18:03:06.336115+00:00] doctrine.DEBUG: Executing query: SELECT DATABASE() {"sql":"SELECT DATABASE()"} []
[2024-09-09T18:03:16.445706+00:00] doctrine.DEBUG: Executing query: SELECT DATABASE() {"sql":"SELECT DATABASE()"} []
[2024-09-09T18:03:16.452386+00:00] doctrine.DEBUG: Executing statement: SELECT TABLE_NAME FROM information_schema.TABLES WHERE TABLE_SCHEMA = ?   AND TABLE_TYPE = 'BASE TABLE' ORDER BY TABLE_NAME (parameters: array{"1":"arcadiadb"}, types: array{"1":2}) {"sql":"SELECT TABLE_NAME\nFROM information_schema.TABLES\nWHERE TABLE_SCHEMA = ?\n  AND TABLE_TYPE = 'BASE TABLE'\nORDER BY TABLE_NAME","params":{"1":"arcadiadb"},"types":{"1":2}} []
[2024-09-09T18:03:16.484625+00:00] deprecation.INFO: User Deprecated: Subscribing to onSchemaCreateTable events is deprecated. (AbstractPlatform.php:2191 called by AbstractPlatform.php:2089, https://github.com/doctrine/dbal/issues/5784, package doctrine/dbal) {"exception":"[object] (ErrorException(code: 0): User Deprecated: Subscribing to onSchemaCreateTable events is deprecated. (AbstractPlatform.php:2191 called by AbstractPlatform.php:2089, https://github.com/doctrine/dbal/issues/5784, package doctrine/dbal) at /Applications/MAMP/htdocs/Arcadia-Zoo/vendor/doctrine/deprecations/lib/Doctrine/Deprecations/Deprecation.php:210)"} []
[2024-09-09T18:03:16.550864+00:00] doctrine.DEBUG: Executing statement: CREATE TABLE doctrine_migration_versions (version VARCHAR(191) NOT NULL, executed_at DATETIME DEFAULT NULL, execution_time INT DEFAULT NULL, PRIMARY KEY(version)) DEFAULT CHARACTER SET utf8 COLLATE `utf8_unicode_ci` ENGINE = InnoDB {"sql":"CREATE TABLE doctrine_migration_versions (version VARCHAR(191) NOT NULL, executed_at DATETIME DEFAULT NULL, execution_time INT DEFAULT NULL, PRIMARY KEY(version)) DEFAULT CHARACTER SET utf8 COLLATE `utf8_unicode_ci` ENGINE = InnoDB"} []
[2024-09-09T18:03:17.297352+00:00] doctrine.DEBUG: Executing query: SELECT * FROM doctrine_migration_versions {"sql":"SELECT * FROM doctrine_migration_versions"} []
[2024-09-09T18:03:17.349306+00:00] doctrine.DEBUG: Executing query: SELECT * FROM doctrine_migration_versions {"sql":"SELECT * FROM doctrine_migration_versions"} []
[2024-09-09T18:03:17.350119+00:00] doctrine.DEBUG: Executing query: SELECT * FROM doctrine_migration_versions {"sql":"SELECT * FROM doctrine_migration_versions"} []
[2024-09-09T18:03:17.477756+00:00] doctrine.DEBUG: Beginning transaction [] []
[2024-09-09T18:03:17.512074+00:00] doctrine.DEBUG: Executing query: CREATE TABLE user (id INT AUTO_INCREMENT NOT NULL, email VARCHAR(180) NOT NULL, roles JSON NOT NULL, password VARCHAR(255) NOT NULL, UNIQUE INDEX UNIQ_IDENTIFIER_EMAIL (email), PRIMARY KEY(id)) DEFAULT CHARACTER SET utf8mb4 COLLATE `utf8mb4_unicode_ci` ENGINE = InnoDB {"sql":"CREATE TABLE user (id INT AUTO_INCREMENT NOT NULL, email VARCHAR(180) NOT NULL, roles JSON NOT NULL, password VARCHAR(255) NOT NULL, UNIQUE INDEX UNIQ_IDENTIFIER_EMAIL (email), PRIMARY KEY(id)) DEFAULT CHARACTER SET utf8mb4 COLLATE `utf8mb4_unicode_ci` ENGINE = InnoDB"} []
[2024-09-09T18:03:17.681078+00:00] doctrine.DEBUG: Executing query: CREATE TABLE messenger_messages (id BIGINT AUTO_INCREMENT NOT NULL, body LONGTEXT NOT NULL, headers LONGTEXT NOT NULL, queue_name VARCHAR(190) NOT NULL, created_at DATETIME NOT NULL COMMENT '(DC2Type:datetime_immutable)', available_at DATETIME NOT NULL COMMENT '(DC2Type:datetime_immutable)', delivered_at DATETIME DEFAULT NULL COMMENT '(DC2Type:datetime_immutable)', INDEX IDX_75EA56E0FB7336F0 (queue_name), INDEX IDX_75EA56E0E3BD61CE (available_at), INDEX IDX_75EA56E016BA31DB (delivered_at), PRIMARY KEY(id)) DEFAULT CHARACTER SET utf8mb4 COLLATE `utf8mb4_unicode_ci` ENGINE = InnoDB {"sql":"CREATE TABLE messenger_messages (id BIGINT AUTO_INCREMENT NOT NULL, body LONGTEXT NOT NULL, headers LONGTEXT NOT NULL, queue_name VARCHAR(190) NOT NULL, created_at DATETIME NOT NULL COMMENT '(DC2Type:datetime_immutable)', available_at DATETIME NOT NULL COMMENT '(DC2Type:datetime_immutable)', delivered_at DATETIME DEFAULT NULL COMMENT '(DC2Type:datetime_immutable)', INDEX IDX_75EA56E0FB7336F0 (queue_name), INDEX IDX_75EA56E0E3BD61CE (available_at), INDEX IDX_75EA56E016BA31DB (delivered_at), PRIMARY KEY(id)) DEFAULT CHARACTER SET utf8mb4 COLLATE `utf8mb4_unicode_ci` ENGINE = InnoDB"} []
[2024-09-09T18:03:17.877255+00:00] doctrine.DEBUG: Executing statement: INSERT INTO doctrine_migration_versions (version, executed_at, execution_time) VALUES (?, ?, ?) (parameters: array{"1":"DoctrineMigrations\\Version20240909180255","2":"2024-09-09 18:03:17","3":382}, types: array{"1":2,"2":2,"3":1}) {"sql":"INSERT INTO doctrine_migration_versions (version, executed_at, execution_time) VALUES (?, ?, ?)","params":{"1":"DoctrineMigrations\\Version20240909180255","2":"2024-09-09 18:03:17","3":382},"types":{"1":2,"2":2,"3":1}} []
[2024-09-09T18:03:17.926967+00:00] deprecation.INFO: User Deprecated: Context: trying to commit a transaction Problem: the transaction is already committed, relying on silencing is deprecated. Solution: override `AbstractMigration::isTransactional()` so that it returns false. Automate that by setting `transactional` to false in the configuration. More details at https://www.doctrine-project.org/projects/doctrine-migrations/en/stable/explanation/implicit-commits.html (TransactionHelper.php:20 called by DbalExecutor.php:193, https://github.com/doctrine/migrations/issues/1169, package doctrine/migrations) {"exception":"[object] (ErrorException(code: 0): User Deprecated: Context: trying to commit a transaction\nProblem: the transaction is already committed, relying on silencing is deprecated.\nSolution: override `AbstractMigration::isTransactional()` so that it returns false.\nAutomate that by setting `transactional` to false in the configuration.\nMore details at https://www.doctrine-project.org/projects/doctrine-migrations/en/stable/explanation/implicit-commits.html (TransactionHelper.php:20 called by DbalExecutor.php:193, https://github.com/doctrine/migrations/issues/1169, package doctrine/migrations) at /Applications/MAMP/htdocs/Arcadia-Zoo/vendor/doctrine/deprecations/lib/Doctrine/Deprecations/Deprecation.php:210)"} []
[2024-09-09T18:03:17.987715+00:00] doctrine.INFO: Disconnecting [] []
[2024-09-09T18:03:50.541743+00:00] deprecation.INFO: User Deprecated: Since symfony/maker-bundle v1.59.0: The "Symfony\Bundle\MakerBundle\Maker\MakeAuthenticator" class is deprecated, use any of the Security\Make* commands instead. {"exception":"[object] (ErrorException(code: 0): User Deprecated: Since symfony/maker-bundle v1.59.0: The \"Symfony\\Bundle\\MakerBundle\\Maker\\MakeAuthenticator\" class is deprecated, use any of the Security\\Make* commands instead. at /Applications/MAMP/htdocs/Arcadia-Zoo/vendor/symfony/maker-bundle/src/Maker/MakeAuthenticator.php:100)"} []
[2024-09-09T18:09:29.787544+00:00] request.ERROR: Uncaught PHP Exception Symfony\Component\HttpKernel\Exception\NotFoundHttpException: "No route found for "GET http://127.0.0.1:8000/"" at RouterListener.php line 149 {"exception":"[object] (Symfony\\Component\\HttpKernel\\Exception\\NotFoundHttpException(code: 0): No route found for \"GET http://127.0.0.1:8000/\" at /Applications/MAMP/htdocs/Arcadia-Zoo/vendor/symfony/http-kernel/EventListener/RouterListener.php:149)\n[previous exception] [object] (Symfony\\Component\\Routing\\Exception\\NoConfigurationException(code: 0):  at /Applications/MAMP/htdocs/Arcadia-Zoo/vendor/symfony/routing/Matcher/Dumper/CompiledUrlMatcherTrait.php:181)"} []
[2024-09-09T18:09:30.790735+00:00] request.INFO: Matched route "_wdt". {"route":"_wdt","route_parameters":{"_route":"_wdt","_controller":"web_profiler.controller.profiler::toolbarAction","token":"32ce51"},"request_uri":"http://127.0.0.1:8000/_wdt/32ce51?XDEBUG_IGNORE=1","method":"GET"} []
[2024-09-09T18:09:46.380780+00:00] request.INFO: Matched route "app_login". {"route":"app_login","route_parameters":{"_route":"app_login","_controller":"App\\Controller\\SecurityController::login"},"request_uri":"http://127.0.0.1:8000/login","method":"GET"} []
[2024-09-09T18:09:46.669203+00:00] security.DEBUG: Checking for authenticator support. {"firewall_name":"main","authenticators":2} []
[2024-09-09T18:09:46.669565+00:00] security.DEBUG: Checking support on authenticator. {"firewall_name":"main","authenticator":"App\\Security\\UserAuthenticator"} []
[2024-09-09T18:09:46.669683+00:00] security.DEBUG: Authenticator does not support the request. {"firewall_name":"main","authenticator":"App\\Security\\UserAuthenticator"} []
[2024-09-09T18:09:46.669769+00:00] security.DEBUG: Checking support on authenticator. {"firewall_name":"main","authenticator":"Symfony\\Component\\Security\\Http\\Authenticator\\RememberMeAuthenticator"} []
[2024-09-09T18:09:46.669947+00:00] security.DEBUG: Authenticator does not support the request. {"firewall_name":"main","authenticator":"Symfony\\Component\\Security\\Http\\Authenticator\\RememberMeAuthenticator"} []
[2024-09-09T18:09:48.642283+00:00] request.INFO: Matched route "_wdt". {"route":"_wdt","route_parameters":{"_route":"_wdt","_controller":"web_profiler.controller.profiler::toolbarAction","token":"da18c3"},"request_uri":"http://127.0.0.1:8000/_wdt/da18c3?XDEBUG_IGNORE=1","method":"GET"} []
[2024-09-09T18:10:07.829602+00:00] request.INFO: Matched route "app_login". {"route":"app_login","route_parameters":{"_route":"app_login","_controller":"App\\Controller\\SecurityController::login"},"request_uri":"http://127.0.0.1:8000/login","method":"POST"} []
[2024-09-09T18:10:07.847546+00:00] security.DEBUG: Checking for authenticator support. {"firewall_name":"main","authenticators":2} []
[2024-09-09T18:10:07.847681+00:00] security.DEBUG: Checking support on authenticator. {"firewall_name":"main","authenticator":"App\\Security\\UserAuthenticator"} []
[2024-09-09T18:10:07.851528+00:00] security.DEBUG: Checking support on authenticator. {"firewall_name":"main","authenticator":"Symfony\\Component\\Security\\Http\\Authenticator\\RememberMeAuthenticator"} []
[2024-09-09T18:10:07.851946+00:00] security.DEBUG: Authenticator does not support the request. {"firewall_name":"main","authenticator":"Symfony\\Component\\Security\\Http\\Authenticator\\RememberMeAuthenticator"} []
[2024-09-09T18:10:08.406804+00:00] doctrine.INFO: Connecting with parameters array{"use_savepoints":true,"driver":"pdo_mysql","idle_connection_ttl":600,"host":"127.0.0.1","port":8889,"user":"root","password":"<redacted>","driverOptions":[],"defaultTableOptions":[],"dbname":"arcadiadb","serverVersion":"8.0.32","charset":"utf8mb4"} {"params":{"use_savepoints":true,"driver":"pdo_mysql","idle_connection_ttl":600,"host":"127.0.0.1","port":8889,"user":"root","password":"<redacted>","driverOptions":[],"defaultTableOptions":[],"dbname":"arcadiadb","serverVersion":"8.0.32","charset":"utf8mb4"}} []
[2024-09-09T18:10:08.634143+00:00] doctrine.DEBUG: Executing statement: SELECT t0.id AS id_1, t0.email AS email_2, t0.roles AS roles_3, t0.password AS password_4 FROM user t0 WHERE t0.email = ? LIMIT 1 (parameters: array{"1":"test@gmail.com"}, types: array{"1":2}) {"sql":"SELECT t0.id AS id_1, t0.email AS email_2, t0.roles AS roles_3, t0.password AS password_4 FROM user t0 WHERE t0.email = ? LIMIT 1","params":{"1":"test@gmail.com"},"types":{"1":2}} []
[2024-09-09T18:10:08.824426+00:00] security.INFO: Authenticator failed. {"exception":"[object] (Symfony\\Component\\Security\\Core\\Exception\\UserNotFoundException(code: 0): User \"test@gmail.com\" not found. at /Applications/MAMP/htdocs/Arcadia-Zoo/vendor/symfony/doctrine-bridge/Security/User/EntityUserProvider.php:64)","authenticator":"App\\Security\\UserAuthenticator"} []
[2024-09-09T18:10:08.830885+00:00] security.DEBUG: The "App\Security\UserAuthenticator" authenticator set the failure response. {"authenticator":"App\\Security\\UserAuthenticator"} []
[2024-09-09T18:10:08.835891+00:00] security.DEBUG: Clearing remember-me cookie. {"name":"REMEMBERME"} []
[2024-09-09T18:10:08.836241+00:00] security.DEBUG: The "App\Security\UserAuthenticator" authenticator set the response. Any later authenticator will not be called {"authenticator":"App\\Security\\UserAuthenticator"} []
[2024-09-09T18:10:08.929682+00:00] doctrine.INFO: Disconnecting [] []
[2024-09-09T18:10:08.984697+00:00] request.INFO: Matched route "app_login". {"route":"app_login","route_parameters":{"_route":"app_login","_controller":"App\\Controller\\SecurityController::login"},"request_uri":"http://127.0.0.1:8000/login","method":"GET"} []
[2024-09-09T18:10:08.988646+00:00] security.DEBUG: Checking for authenticator support. {"firewall_name":"main","authenticators":2} []
[2024-09-09T18:10:08.988781+00:00] security.DEBUG: Checking support on authenticator. {"firewall_name":"main","authenticator":"App\\Security\\UserAuthenticator"} []
[2024-09-09T18:10:08.988854+00:00] security.DEBUG: Authenticator does not support the request. {"firewall_name":"main","authenticator":"App\\Security\\UserAuthenticator"} []
[2024-09-09T18:10:08.988905+00:00] security.DEBUG: Checking support on authenticator. {"firewall_name":"main","authenticator":"Symfony\\Component\\Security\\Http\\Authenticator\\RememberMeAuthenticator"} []
[2024-09-09T18:10:08.988969+00:00] security.DEBUG: Authenticator does not support the request. {"firewall_name":"main","authenticator":"Symfony\\Component\\Security\\Http\\Authenticator\\RememberMeAuthenticator"} []
[2024-09-09T18:10:09.267449+00:00] request.INFO: Matched route "_wdt". {"route":"_wdt","route_parameters":{"_route":"_wdt","_controller":"web_profiler.controller.profiler::toolbarAction","token":"f9b275"},"request_uri":"http://127.0.0.1:8000/_wdt/f9b275?XDEBUG_IGNORE=1","method":"GET"} []
[2024-09-09T18:26:33.639121+00:00] doctrine.INFO: Connecting with parameters array{"use_savepoints":true,"driver":"pdo_mysql","idle_connection_ttl":600,"host":"127.0.0.1","port":8889,"user":"root","password":"<redacted>","driverOptions":[],"defaultTableOptions":[],"dbname":"arcadiadb","serverVersion":"8.0.32","charset":"utf8mb4"} {"params":{"use_savepoints":true,"driver":"pdo_mysql","idle_connection_ttl":600,"host":"127.0.0.1","port":8889,"user":"root","password":"<redacted>","driverOptions":[],"defaultTableOptions":[],"dbname":"arcadiadb","serverVersion":"8.0.32","charset":"utf8mb4"}} []
[2024-09-09T18:26:33.823456+00:00] doctrine.DEBUG: Executing query: SELECT DATABASE() {"sql":"SELECT DATABASE()"} []
[2024-09-09T18:26:33.923266+00:00] doctrine.DEBUG: Executing statement: SELECT TABLE_NAME FROM information_schema.TABLES WHERE TABLE_SCHEMA = ?   AND TABLE_TYPE = 'BASE TABLE' ORDER BY TABLE_NAME (parameters: array{"1":"arcadiadb"}, types: array{"1":2}) {"sql":"SELECT TABLE_NAME\nFROM information_schema.TABLES\nWHERE TABLE_SCHEMA = ?\n  AND TABLE_TYPE = 'BASE TABLE'\nORDER BY TABLE_NAME","params":{"1":"arcadiadb"},"types":{"1":2}} []
[2024-09-09T18:26:34.033424+00:00] doctrine.DEBUG: Executing query: SELECT DATABASE() {"sql":"SELECT DATABASE()"} []
[2024-09-09T18:26:34.034151+00:00] doctrine.DEBUG: Executing statement: SELECT TABLE_NAME FROM information_schema.TABLES WHERE TABLE_SCHEMA = ?   AND TABLE_TYPE = 'BASE TABLE' ORDER BY TABLE_NAME (parameters: array{"1":"arcadiadb"}, types: array{"1":2}) {"sql":"SELECT TABLE_NAME\nFROM information_schema.TABLES\nWHERE TABLE_SCHEMA = ?\n  AND TABLE_TYPE = 'BASE TABLE'\nORDER BY TABLE_NAME","params":{"1":"arcadiadb"},"types":{"1":2}} []
[2024-09-09T18:26:34.200798+00:00] doctrine.DEBUG: Executing query: SELECT DATABASE() {"sql":"SELECT DATABASE()"} []
[2024-09-09T18:26:34.202177+00:00] doctrine.DEBUG: Executing statement:     SELECT t.TABLE_NAME,            t.ENGINE,            t.AUTO_INCREMENT,            t.TABLE_COMMENT,            t.CREATE_OPTIONS,            t.TABLE_COLLATION,            ccsa.CHARACTER_SET_NAME       FROM information_schema.TABLES t         INNER JOIN information_schema.COLLATION_CHARACTER_SET_APPLICABILITY ccsa           ON ccsa.COLLATION_NAME = t.TABLE_COLLATION WHERE t.TABLE_SCHEMA = ? AND t.TABLE_NAME = ? AND t.TABLE_TYPE = 'BASE TABLE' (parameters: array{"1":"arcadiadb","2":"doctrine_migration_versions"}, types: array{"1":2,"2":2}) {"sql":"    SELECT t.TABLE_NAME,\n           t.ENGINE,\n           t.AUTO_INCREMENT,\n           t.TABLE_COMMENT,\n           t.CREATE_OPTIONS,\n           t.TABLE_COLLATION,\n           ccsa.CHARACTER_SET_NAME\n      FROM information_schema.TABLES t\n        INNER JOIN information_schema.COLLATION_CHARACTER_SET_APPLICABILITY ccsa\n          ON ccsa.COLLATION_NAME = t.TABLE_COLLATION WHERE t.TABLE_SCHEMA = ? AND t.TABLE_NAME = ? AND t.TABLE_TYPE = 'BASE TABLE'","params":{"1":"arcadiadb","2":"doctrine_migration_versions"},"types":{"1":2,"2":2}} []
[2024-09-09T18:26:34.250240+00:00] doctrine.DEBUG: Executing query: SELECT DATABASE() {"sql":"SELECT DATABASE()"} []
[2024-09-09T18:26:34.251106+00:00] doctrine.DEBUG: Executing statement: SELECT DISTINCT            k.CONSTRAINT_NAME,             k.COLUMN_NAME,             k.REFERENCED_TABLE_NAME,             k.REFERENCED_COLUMN_NAME,             k.ORDINAL_POSITION /*!50116,             c.UPDATE_RULE,             c.DELETE_RULE */ FROM information_schema.key_column_usage k /*!50116 INNER JOIN information_schema.referential_constraints c ON c.CONSTRAINT_NAME = k.CONSTRAINT_NAME AND c.TABLE_NAME = k.TABLE_NAME */ WHERE k.TABLE_SCHEMA = ? AND k.TABLE_NAME = ? AND k.REFERENCED_COLUMN_NAME IS NOT NULL /*!50116 AND c.CONSTRAINT_SCHEMA = 'arcadiadb' */ ORDER BY k.ORDINAL_POSITION (parameters: array{"1":"arcadiadb","2":"doctrine_migration_versions"}, types: array{"1":2,"2":2}) {"sql":"SELECT DISTINCT            k.CONSTRAINT_NAME,\n            k.COLUMN_NAME,\n            k.REFERENCED_TABLE_NAME,\n            k.REFERENCED_COLUMN_NAME,\n            k.ORDINAL_POSITION /*!50116,\n            c.UPDATE_RULE,\n            c.DELETE_RULE */\nFROM information_schema.key_column_usage k /*!50116\nINNER JOIN information_schema.referential_constraints c\nON c.CONSTRAINT_NAME = k.CONSTRAINT_NAME\nAND c.TABLE_NAME = k.TABLE_NAME */ WHERE k.TABLE_SCHEMA = ? AND k.TABLE_NAME = ? AND k.REFERENCED_COLUMN_NAME IS NOT NULL /*!50116 AND c.CONSTRAINT_SCHEMA = 'arcadiadb' */ ORDER BY k.ORDINAL_POSITION","params":{"1":"arcadiadb","2":"doctrine_migration_versions"},"types":{"1":2,"2":2}} []
[2024-09-09T18:26:34.297027+00:00] doctrine.DEBUG: Executing statement: SELECT       c.COLUMN_NAME        AS field,        c.COLUMN_TYPE       AS type,        c.IS_NULLABLE        AS `null`,        c.COLUMN_KEY         AS `key`,        c.COLUMN_DEFAULT     AS `default`,        c.EXTRA,        c.COLUMN_COMMENT     AS comment,        c.CHARACTER_SET_NAME AS characterset,        c.COLLATION_NAME     AS collation FROM information_schema.COLUMNS c     INNER JOIN information_schema.TABLES t         ON t.TABLE_NAME = c.TABLE_NAME      WHERE c.TABLE_SCHEMA = ? AND t.TABLE_SCHEMA = ? AND t.TABLE_TYPE = 'BASE TABLE' AND t.TABLE_NAME = ? ORDER BY ORDINAL_POSITION (parameters: array{"1":"arcadiadb","2":"arcadiadb","3":"doctrine_migration_versions"}, types: array{"1":2,"2":2,"3":2}) {"sql":"SELECT       c.COLUMN_NAME        AS field,\n       c.COLUMN_TYPE       AS type,\n       c.IS_NULLABLE        AS `null`,\n       c.COLUMN_KEY         AS `key`,\n       c.COLUMN_DEFAULT     AS `default`,\n       c.EXTRA,\n       c.COLUMN_COMMENT     AS comment,\n       c.CHARACTER_SET_NAME AS characterset,\n       c.COLLATION_NAME     AS collation\nFROM information_schema.COLUMNS c\n    INNER JOIN information_schema.TABLES t\n        ON t.TABLE_NAME = c.TABLE_NAME\n     WHERE c.TABLE_SCHEMA = ? AND t.TABLE_SCHEMA = ? AND t.TABLE_TYPE = 'BASE TABLE' AND t.TABLE_NAME = ? ORDER BY ORDINAL_POSITION","params":{"1":"arcadiadb","2":"arcadiadb","3":"doctrine_migration_versions"},"types":{"1":2,"2":2,"3":2}} []
[2024-09-09T18:26:34.342505+00:00] doctrine.DEBUG: Executing query: SELECT DATABASE() {"sql":"SELECT DATABASE()"} []
[2024-09-09T18:26:34.343087+00:00] doctrine.DEBUG: Executing statement: SELECT        NON_UNIQUE  AS Non_Unique,         INDEX_NAME  AS Key_name,         COLUMN_NAME AS Column_Name,         SUB_PART    AS Sub_Part,         INDEX_TYPE  AS Index_Type FROM information_schema.STATISTICS WHERE TABLE_SCHEMA = ? AND TABLE_NAME = ? ORDER BY SEQ_IN_INDEX (parameters: array{"1":"arcadiadb","2":"doctrine_migration_versions"}, types: array{"1":2,"2":2}) {"sql":"SELECT        NON_UNIQUE  AS Non_Unique,\n        INDEX_NAME  AS Key_name,\n        COLUMN_NAME AS Column_Name,\n        SUB_PART    AS Sub_Part,\n        INDEX_TYPE  AS Index_Type\nFROM information_schema.STATISTICS WHERE TABLE_SCHEMA = ? AND TABLE_NAME = ? ORDER BY SEQ_IN_INDEX","params":{"1":"arcadiadb","2":"doctrine_migration_versions"},"types":{"1":2,"2":2}} []
[2024-09-09T18:26:34.366833+00:00] doctrine.DEBUG: Executing query: SELECT * FROM doctrine_migration_versions {"sql":"SELECT * FROM doctrine_migration_versions"} []
[2024-09-09T18:26:34.394166+00:00] doctrine.DEBUG: Executing query: SELECT DATABASE() {"sql":"SELECT DATABASE()"} []
[2024-09-09T18:26:34.394534+00:00] doctrine.DEBUG: Executing statement: SELECT TABLE_NAME FROM information_schema.TABLES WHERE TABLE_SCHEMA = ?   AND TABLE_TYPE = 'BASE TABLE' ORDER BY TABLE_NAME (parameters: array{"1":"arcadiadb"}, types: array{"1":2}) {"sql":"SELECT TABLE_NAME\nFROM information_schema.TABLES\nWHERE TABLE_SCHEMA = ?\n  AND TABLE_TYPE = 'BASE TABLE'\nORDER BY TABLE_NAME","params":{"1":"arcadiadb"},"types":{"1":2}} []
[2024-09-09T18:26:34.395106+00:00] doctrine.DEBUG: Executing query: SELECT DATABASE() {"sql":"SELECT DATABASE()"} []
[2024-09-09T18:26:34.395375+00:00] doctrine.DEBUG: Executing statement: SELECT TABLE_NAME FROM information_schema.TABLES WHERE TABLE_SCHEMA = ?   AND TABLE_TYPE = 'BASE TABLE' ORDER BY TABLE_NAME (parameters: array{"1":"arcadiadb"}, types: array{"1":2}) {"sql":"SELECT TABLE_NAME\nFROM information_schema.TABLES\nWHERE TABLE_SCHEMA = ?\n  AND TABLE_TYPE = 'BASE TABLE'\nORDER BY TABLE_NAME","params":{"1":"arcadiadb"},"types":{"1":2}} []
[2024-09-09T18:26:34.398137+00:00] doctrine.DEBUG: Executing query: SELECT DATABASE() {"sql":"SELECT DATABASE()"} []
[2024-09-09T18:26:34.398511+00:00] doctrine.DEBUG: Executing statement:     SELECT t.TABLE_NAME,            t.ENGINE,            t.AUTO_INCREMENT,            t.TABLE_COMMENT,            t.CREATE_OPTIONS,            t.TABLE_COLLATION,            ccsa.CHARACTER_SET_NAME       FROM information_schema.TABLES t         INNER JOIN information_schema.COLLATION_CHARACTER_SET_APPLICABILITY ccsa           ON ccsa.COLLATION_NAME = t.TABLE_COLLATION WHERE t.TABLE_SCHEMA = ? AND t.TABLE_NAME = ? AND t.TABLE_TYPE = 'BASE TABLE' (parameters: array{"1":"arcadiadb","2":"doctrine_migration_versions"}, types: array{"1":2,"2":2}) {"sql":"    SELECT t.TABLE_NAME,\n           t.ENGINE,\n           t.AUTO_INCREMENT,\n           t.TABLE_COMMENT,\n           t.CREATE_OPTIONS,\n           t.TABLE_COLLATION,\n           ccsa.CHARACTER_SET_NAME\n      FROM information_schema.TABLES t\n        INNER JOIN information_schema.COLLATION_CHARACTER_SET_APPLICABILITY ccsa\n          ON ccsa.COLLATION_NAME = t.TABLE_COLLATION WHERE t.TABLE_SCHEMA = ? AND t.TABLE_NAME = ? AND t.TABLE_TYPE = 'BASE TABLE'","params":{"1":"arcadiadb","2":"doctrine_migration_versions"},"types":{"1":2,"2":2}} []
[2024-09-09T18:26:34.399365+00:00] doctrine.DEBUG: Executing query: SELECT DATABASE() {"sql":"SELECT DATABASE()"} []
[2024-09-09T18:26:34.399683+00:00] doctrine.DEBUG: Executing statement: SELECT DISTINCT            k.CONSTRAINT_NAME,             k.COLUMN_NAME,             k.REFERENCED_TABLE_NAME,             k.REFERENCED_COLUMN_NAME,             k.ORDINAL_POSITION /*!50116,             c.UPDATE_RULE,             c.DELETE_RULE */ FROM information_schema.key_column_usage k /*!50116 INNER JOIN information_schema.referential_constraints c ON c.CONSTRAINT_NAME = k.CONSTRAINT_NAME AND c.TABLE_NAME = k.TABLE_NAME */ WHERE k.TABLE_SCHEMA = ? AND k.TABLE_NAME = ? AND k.REFERENCED_COLUMN_NAME IS NOT NULL /*!50116 AND c.CONSTRAINT_SCHEMA = 'arcadiadb' */ ORDER BY k.ORDINAL_POSITION (parameters: array{"1":"arcadiadb","2":"doctrine_migration_versions"}, types: array{"1":2,"2":2}) {"sql":"SELECT DISTINCT            k.CONSTRAINT_NAME,\n            k.COLUMN_NAME,\n            k.REFERENCED_TABLE_NAME,\n            k.REFERENCED_COLUMN_NAME,\n            k.ORDINAL_POSITION /*!50116,\n            c.UPDATE_RULE,\n            c.DELETE_RULE */\nFROM information_schema.key_column_usage k /*!50116\nINNER JOIN information_schema.referential_constraints c\nON c.CONSTRAINT_NAME = k.CONSTRAINT_NAME\nAND c.TABLE_NAME = k.TABLE_NAME */ WHERE k.TABLE_SCHEMA = ? AND k.TABLE_NAME = ? AND k.REFERENCED_COLUMN_NAME IS NOT NULL /*!50116 AND c.CONSTRAINT_SCHEMA = 'arcadiadb' */ ORDER BY k.ORDINAL_POSITION","params":{"1":"arcadiadb","2":"doctrine_migration_versions"},"types":{"1":2,"2":2}} []
[2024-09-09T18:26:34.400432+00:00] doctrine.DEBUG: Executing statement: SELECT       c.COLUMN_NAME        AS field,        c.COLUMN_TYPE       AS type,        c.IS_NULLABLE        AS `null`,        c.COLUMN_KEY         AS `key`,        c.COLUMN_DEFAULT     AS `default`,        c.EXTRA,        c.COLUMN_COMMENT     AS comment,        c.CHARACTER_SET_NAME AS characterset,        c.COLLATION_NAME     AS collation FROM information_schema.COLUMNS c     INNER JOIN information_schema.TABLES t         ON t.TABLE_NAME = c.TABLE_NAME      WHERE c.TABLE_SCHEMA = ? AND t.TABLE_SCHEMA = ? AND t.TABLE_TYPE = 'BASE TABLE' AND t.TABLE_NAME = ? ORDER BY ORDINAL_POSITION (parameters: array{"1":"arcadiadb","2":"arcadiadb","3":"doctrine_migration_versions"}, types: array{"1":2,"2":2,"3":2}) {"sql":"SELECT       c.COLUMN_NAME        AS field,\n       c.COLUMN_TYPE       AS type,\n       c.IS_NULLABLE        AS `null`,\n       c.COLUMN_KEY         AS `key`,\n       c.COLUMN_DEFAULT     AS `default`,\n       c.EXTRA,\n       c.COLUMN_COMMENT     AS comment,\n       c.CHARACTER_SET_NAME AS characterset,\n       c.COLLATION_NAME     AS collation\nFROM information_schema.COLUMNS c\n    INNER JOIN information_schema.TABLES t\n        ON t.TABLE_NAME = c.TABLE_NAME\n     WHERE c.TABLE_SCHEMA = ? AND t.TABLE_SCHEMA = ? AND t.TABLE_TYPE = 'BASE TABLE' AND t.TABLE_NAME = ? ORDER BY ORDINAL_POSITION","params":{"1":"arcadiadb","2":"arcadiadb","3":"doctrine_migration_versions"},"types":{"1":2,"2":2,"3":2}} []
[2024-09-09T18:26:34.406578+00:00] doctrine.DEBUG: Executing query: SELECT DATABASE() {"sql":"SELECT DATABASE()"} []
[2024-09-09T18:26:34.407065+00:00] doctrine.DEBUG: Executing statement: SELECT        NON_UNIQUE  AS Non_Unique,         INDEX_NAME  AS Key_name,         COLUMN_NAME AS Column_Name,         SUB_PART    AS Sub_Part,         INDEX_TYPE  AS Index_Type FROM information_schema.STATISTICS WHERE TABLE_SCHEMA = ? AND TABLE_NAME = ? ORDER BY SEQ_IN_INDEX (parameters: array{"1":"arcadiadb","2":"doctrine_migration_versions"}, types: array{"1":2,"2":2}) {"sql":"SELECT        NON_UNIQUE  AS Non_Unique,\n        INDEX_NAME  AS Key_name,\n        COLUMN_NAME AS Column_Name,\n        SUB_PART    AS Sub_Part,\n        INDEX_TYPE  AS Index_Type\nFROM information_schema.STATISTICS WHERE TABLE_SCHEMA = ? AND TABLE_NAME = ? ORDER BY SEQ_IN_INDEX","params":{"1":"arcadiadb","2":"doctrine_migration_versions"},"types":{"1":2,"2":2}} []
[2024-09-09T18:26:34.408071+00:00] doctrine.DEBUG: Executing query: SELECT * FROM doctrine_migration_versions {"sql":"SELECT * FROM doctrine_migration_versions"} []
[2024-09-09T18:26:34.422027+00:00] doctrine.DEBUG: Executing query: SELECT DATABASE() {"sql":"SELECT DATABASE()"} []
[2024-09-09T18:26:34.422435+00:00] doctrine.DEBUG: Executing statement: SELECT c.TABLE_NAME,       c.COLUMN_NAME        AS field,        c.COLUMN_TYPE       AS type,        c.IS_NULLABLE        AS `null`,        c.COLUMN_KEY         AS `key`,        c.COLUMN_DEFAULT     AS `default`,        c.EXTRA,        c.COLUMN_COMMENT     AS comment,        c.CHARACTER_SET_NAME AS characterset,        c.COLLATION_NAME     AS collation FROM information_schema.COLUMNS c     INNER JOIN information_schema.TABLES t         ON t.TABLE_NAME = c.TABLE_NAME      WHERE c.TABLE_SCHEMA = ? AND t.TABLE_SCHEMA = ? AND t.TABLE_TYPE = 'BASE TABLE' ORDER BY ORDINAL_POSITION (parameters: array{"1":"arcadiadb","2":"arcadiadb"}, types: array{"1":2,"2":2}) {"sql":"SELECT c.TABLE_NAME,       c.COLUMN_NAME        AS field,\n       c.COLUMN_TYPE       AS type,\n       c.IS_NULLABLE        AS `null`,\n       c.COLUMN_KEY         AS `key`,\n       c.COLUMN_DEFAULT     AS `default`,\n       c.EXTRA,\n       c.COLUMN_COMMENT     AS comment,\n       c.CHARACTER_SET_NAME AS characterset,\n       c.COLLATION_NAME     AS collation\nFROM information_schema.COLUMNS c\n    INNER JOIN information_schema.TABLES t\n        ON t.TABLE_NAME = c.TABLE_NAME\n     WHERE c.TABLE_SCHEMA = ? AND t.TABLE_SCHEMA = ? AND t.TABLE_TYPE = 'BASE TABLE' ORDER BY ORDINAL_POSITION","params":{"1":"arcadiadb","2":"arcadiadb"},"types":{"1":2,"2":2}} []
[2024-09-09T18:26:34.426581+00:00] doctrine.DEBUG: Executing statement: SELECT TABLE_NAME,        NON_UNIQUE  AS Non_Unique,         INDEX_NAME  AS Key_name,         COLUMN_NAME AS Column_Name,         SUB_PART    AS Sub_Part,         INDEX_TYPE  AS Index_Type FROM information_schema.STATISTICS WHERE TABLE_SCHEMA = ? ORDER BY SEQ_IN_INDEX (parameters: array{"1":"arcadiadb"}, types: array{"1":2}) {"sql":"SELECT TABLE_NAME,        NON_UNIQUE  AS Non_Unique,\n        INDEX_NAME  AS Key_name,\n        COLUMN_NAME AS Column_Name,\n        SUB_PART    AS Sub_Part,\n        INDEX_TYPE  AS Index_Type\nFROM information_schema.STATISTICS WHERE TABLE_SCHEMA = ? ORDER BY SEQ_IN_INDEX","params":{"1":"arcadiadb"},"types":{"1":2}} []
[2024-09-09T18:26:34.430918+00:00] doctrine.DEBUG: Executing statement: SELECT DISTINCT k.TABLE_NAME,            k.CONSTRAINT_NAME,             k.COLUMN_NAME,             k.REFERENCED_TABLE_NAME,             k.REFERENCED_COLUMN_NAME,             k.ORDINAL_POSITION /*!50116,             c.UPDATE_RULE,             c.DELETE_RULE */ FROM information_schema.key_column_usage k /*!50116 INNER JOIN information_schema.referential_constraints c ON c.CONSTRAINT_NAME = k.CONSTRAINT_NAME AND c.TABLE_NAME = k.TABLE_NAME */ WHERE k.TABLE_SCHEMA = ? AND k.REFERENCED_COLUMN_NAME IS NOT NULL /*!50116 AND c.CONSTRAINT_SCHEMA = 'arcadiadb' */ ORDER BY k.ORDINAL_POSITION (parameters: array{"1":"arcadiadb"}, types: array{"1":2}) {"sql":"SELECT DISTINCT k.TABLE_NAME,            k.CONSTRAINT_NAME,\n            k.COLUMN_NAME,\n            k.REFERENCED_TABLE_NAME,\n            k.REFERENCED_COLUMN_NAME,\n            k.ORDINAL_POSITION /*!50116,\n            c.UPDATE_RULE,\n            c.DELETE_RULE */\nFROM information_schema.key_column_usage k /*!50116\nINNER JOIN information_schema.referential_constraints c\nON c.CONSTRAINT_NAME = k.CONSTRAINT_NAME\nAND c.TABLE_NAME = k.TABLE_NAME */ WHERE k.TABLE_SCHEMA = ? AND k.REFERENCED_COLUMN_NAME IS NOT NULL /*!50116 AND c.CONSTRAINT_SCHEMA = 'arcadiadb' */ ORDER BY k.ORDINAL_POSITION","params":{"1":"arcadiadb"},"types":{"1":2}} []
[2024-09-09T18:26:34.444406+00:00] doctrine.DEBUG: Executing statement:     SELECT t.TABLE_NAME,            t.ENGINE,            t.AUTO_INCREMENT,            t.TABLE_COMMENT,            t.CREATE_OPTIONS,            t.TABLE_COLLATION,            ccsa.CHARACTER_SET_NAME       FROM information_schema.TABLES t         INNER JOIN information_schema.COLLATION_CHARACTER_SET_APPLICABILITY ccsa           ON ccsa.COLLATION_NAME = t.TABLE_COLLATION WHERE t.TABLE_SCHEMA = ? AND t.TABLE_TYPE = 'BASE TABLE' (parameters: array{"1":"arcadiadb"}, types: array{"1":2}) {"sql":"    SELECT t.TABLE_NAME,\n           t.ENGINE,\n           t.AUTO_INCREMENT,\n           t.TABLE_COMMENT,\n           t.CREATE_OPTIONS,\n           t.TABLE_COLLATION,\n           ccsa.CHARACTER_SET_NAME\n      FROM information_schema.TABLES t\n        INNER JOIN information_schema.COLLATION_CHARACTER_SET_APPLICABILITY ccsa\n          ON ccsa.COLLATION_NAME = t.TABLE_COLLATION WHERE t.TABLE_SCHEMA = ? AND t.TABLE_TYPE = 'BASE TABLE'","params":{"1":"arcadiadb"},"types":{"1":2}} []
[2024-09-09T18:26:34.451889+00:00] doctrine.DEBUG: Executing query: SELECT DATABASE() {"sql":"SELECT DATABASE()"} []
[2024-09-09T18:26:34.632880+00:00] doctrine.DEBUG: Executing query: SELECT DATABASE() {"sql":"SELECT DATABASE()"} []
[2024-09-09T18:26:34.705725+00:00] deprecation.INFO: User Deprecated: Subscribing to onSchemaCreateTable events is deprecated. (AbstractPlatform.php:2191 called by AbstractPlatform.php:2110, https://github.com/doctrine/dbal/issues/5784, package doctrine/dbal) {"exception":"[object] (ErrorException(code: 0): User Deprecated: Subscribing to onSchemaCreateTable events is deprecated. (AbstractPlatform.php:2191 called by AbstractPlatform.php:2110, https://github.com/doctrine/dbal/issues/5784, package doctrine/dbal) at /Applications/MAMP/htdocs/Arcadia-Zoo/vendor/doctrine/deprecations/lib/Doctrine/Deprecations/Deprecation.php:210)"} []
[2024-09-09T18:26:34.724535+00:00] doctrine.INFO: Disconnecting [] []
[2024-09-09T18:26:44.784105+00:00] doctrine.INFO: Connecting with parameters array{"use_savepoints":true,"driver":"pdo_mysql","idle_connection_ttl":600,"host":"127.0.0.1","port":8889,"user":"root","password":"<redacted>","driverOptions":[],"defaultTableOptions":[],"dbname":"arcadiadb","serverVersion":"8.0.32","charset":"utf8mb4"} {"params":{"use_savepoints":true,"driver":"pdo_mysql","idle_connection_ttl":600,"host":"127.0.0.1","port":8889,"user":"root","password":"<redacted>","driverOptions":[],"defaultTableOptions":[],"dbname":"arcadiadb","serverVersion":"8.0.32","charset":"utf8mb4"}} []
[2024-09-09T18:26:44.831916+00:00] doctrine.DEBUG: Executing query: SELECT DATABASE() {"sql":"SELECT DATABASE()"} []
[2024-09-09T18:26:47.199860+00:00] doctrine.DEBUG: Executing query: SELECT DATABASE() {"sql":"SELECT DATABASE()"} []
[2024-09-09T18:26:47.211678+00:00] doctrine.DEBUG: Executing statement: SELECT TABLE_NAME FROM information_schema.TABLES WHERE TABLE_SCHEMA = ?   AND TABLE_TYPE = 'BASE TABLE' ORDER BY TABLE_NAME (parameters: array{"1":"arcadiadb"}, types: array{"1":2}) {"sql":"SELECT TABLE_NAME\nFROM information_schema.TABLES\nWHERE TABLE_SCHEMA = ?\n  AND TABLE_TYPE = 'BASE TABLE'\nORDER BY TABLE_NAME","params":{"1":"arcadiadb"},"types":{"1":2}} []
[2024-09-09T18:26:47.310130+00:00] doctrine.DEBUG: Executing query: SELECT DATABASE() {"sql":"SELECT DATABASE()"} []
[2024-09-09T18:26:47.310788+00:00] doctrine.DEBUG: Executing statement:     SELECT t.TABLE_NAME,            t.ENGINE,            t.AUTO_INCREMENT,            t.TABLE_COMMENT,            t.CREATE_OPTIONS,            t.TABLE_COLLATION,            ccsa.CHARACTER_SET_NAME       FROM information_schema.TABLES t         INNER JOIN information_schema.COLLATION_CHARACTER_SET_APPLICABILITY ccsa           ON ccsa.COLLATION_NAME = t.TABLE_COLLATION WHERE t.TABLE_SCHEMA = ? AND t.TABLE_NAME = ? AND t.TABLE_TYPE = 'BASE TABLE' (parameters: array{"1":"arcadiadb","2":"doctrine_migration_versions"}, types: array{"1":2,"2":2}) {"sql":"    SELECT t.TABLE_NAME,\n           t.ENGINE,\n           t.AUTO_INCREMENT,\n           t.TABLE_COMMENT,\n           t.CREATE_OPTIONS,\n           t.TABLE_COLLATION,\n           ccsa.CHARACTER_SET_NAME\n      FROM information_schema.TABLES t\n        INNER JOIN information_schema.COLLATION_CHARACTER_SET_APPLICABILITY ccsa\n          ON ccsa.COLLATION_NAME = t.TABLE_COLLATION WHERE t.TABLE_SCHEMA = ? AND t.TABLE_NAME = ? AND t.TABLE_TYPE = 'BASE TABLE'","params":{"1":"arcadiadb","2":"doctrine_migration_versions"},"types":{"1":2,"2":2}} []
[2024-09-09T18:26:47.332982+00:00] doctrine.DEBUG: Executing query: SELECT DATABASE() {"sql":"SELECT DATABASE()"} []
[2024-09-09T18:26:47.333828+00:00] doctrine.DEBUG: Executing statement: SELECT DISTINCT            k.CONSTRAINT_NAME,             k.COLUMN_NAME,             k.REFERENCED_TABLE_NAME,             k.REFERENCED_COLUMN_NAME,             k.ORDINAL_POSITION /*!50116,             c.UPDATE_RULE,             c.DELETE_RULE */ FROM information_schema.key_column_usage k /*!50116 INNER JOIN information_schema.referential_constraints c ON c.CONSTRAINT_NAME = k.CONSTRAINT_NAME AND c.TABLE_NAME = k.TABLE_NAME */ WHERE k.TABLE_SCHEMA = ? AND k.TABLE_NAME = ? AND k.REFERENCED_COLUMN_NAME IS NOT NULL /*!50116 AND c.CONSTRAINT_SCHEMA = 'arcadiadb' */ ORDER BY k.ORDINAL_POSITION (parameters: array{"1":"arcadiadb","2":"doctrine_migration_versions"}, types: array{"1":2,"2":2}) {"sql":"SELECT DISTINCT            k.CONSTRAINT_NAME,\n            k.COLUMN_NAME,\n            k.REFERENCED_TABLE_NAME,\n            k.REFERENCED_COLUMN_NAME,\n            k.ORDINAL_POSITION /*!50116,\n            c.UPDATE_RULE,\n            c.DELETE_RULE */\nFROM information_schema.key_column_usage k /*!50116\nINNER JOIN information_schema.referential_constraints c\nON c.CONSTRAINT_NAME = k.CONSTRAINT_NAME\nAND c.TABLE_NAME = k.TABLE_NAME */ WHERE k.TABLE_SCHEMA = ? AND k.TABLE_NAME = ? AND k.REFERENCED_COLUMN_NAME IS NOT NULL /*!50116 AND c.CONSTRAINT_SCHEMA = 'arcadiadb' */ ORDER BY k.ORDINAL_POSITION","params":{"1":"arcadiadb","2":"doctrine_migration_versions"},"types":{"1":2,"2":2}} []
[2024-09-09T18:26:47.343379+00:00] doctrine.DEBUG: Executing statement: SELECT       c.COLUMN_NAME        AS field,        c.COLUMN_TYPE       AS type,        c.IS_NULLABLE        AS `null`,        c.COLUMN_KEY         AS `key`,        c.COLUMN_DEFAULT     AS `default`,        c.EXTRA,        c.COLUMN_COMMENT     AS comment,        c.CHARACTER_SET_NAME AS characterset,        c.COLLATION_NAME     AS collation FROM information_schema.COLUMNS c     INNER JOIN information_schema.TABLES t         ON t.TABLE_NAME = c.TABLE_NAME      WHERE c.TABLE_SCHEMA = ? AND t.TABLE_SCHEMA = ? AND t.TABLE_TYPE = 'BASE TABLE' AND t.TABLE_NAME = ? ORDER BY ORDINAL_POSITION (parameters: array{"1":"arcadiadb","2":"arcadiadb","3":"doctrine_migration_versions"}, types: array{"1":2,"2":2,"3":2}) {"sql":"SELECT       c.COLUMN_NAME        AS field,\n       c.COLUMN_TYPE       AS type,\n       c.IS_NULLABLE        AS `null`,\n       c.COLUMN_KEY         AS `key`,\n       c.COLUMN_DEFAULT     AS `default`,\n       c.EXTRA,\n       c.COLUMN_COMMENT     AS comment,\n       c.CHARACTER_SET_NAME AS characterset,\n       c.COLLATION_NAME     AS collation\nFROM information_schema.COLUMNS c\n    INNER JOIN information_schema.TABLES t\n        ON t.TABLE_NAME = c.TABLE_NAME\n     WHERE c.TABLE_SCHEMA = ? AND t.TABLE_SCHEMA = ? AND t.TABLE_TYPE = 'BASE TABLE' AND t.TABLE_NAME = ? ORDER BY ORDINAL_POSITION","params":{"1":"arcadiadb","2":"arcadiadb","3":"doctrine_migration_versions"},"types":{"1":2,"2":2,"3":2}} []
[2024-09-09T18:26:47.373209+00:00] doctrine.DEBUG: Executing query: SELECT DATABASE() {"sql":"SELECT DATABASE()"} []
[2024-09-09T18:26:47.373881+00:00] doctrine.DEBUG: Executing statement: SELECT        NON_UNIQUE  AS Non_Unique,         INDEX_NAME  AS Key_name,         COLUMN_NAME AS Column_Name,         SUB_PART    AS Sub_Part,         INDEX_TYPE  AS Index_Type FROM information_schema.STATISTICS WHERE TABLE_SCHEMA = ? AND TABLE_NAME = ? ORDER BY SEQ_IN_INDEX (parameters: array{"1":"arcadiadb","2":"doctrine_migration_versions"}, types: array{"1":2,"2":2}) {"sql":"SELECT        NON_UNIQUE  AS Non_Unique,\n        INDEX_NAME  AS Key_name,\n        COLUMN_NAME AS Column_Name,\n        SUB_PART    AS Sub_Part,\n        INDEX_TYPE  AS Index_Type\nFROM information_schema.STATISTICS WHERE TABLE_SCHEMA = ? AND TABLE_NAME = ? ORDER BY SEQ_IN_INDEX","params":{"1":"arcadiadb","2":"doctrine_migration_versions"},"types":{"1":2,"2":2}} []
[2024-09-09T18:26:47.413684+00:00] doctrine.DEBUG: Executing query: SELECT * FROM doctrine_migration_versions {"sql":"SELECT * FROM doctrine_migration_versions"} []
[2024-09-09T18:26:47.419524+00:00] doctrine.DEBUG: Executing query: SELECT * FROM doctrine_migration_versions {"sql":"SELECT * FROM doctrine_migration_versions"} []
[2024-09-09T18:26:47.420499+00:00] doctrine.DEBUG: Executing query: SELECT * FROM doctrine_migration_versions {"sql":"SELECT * FROM doctrine_migration_versions"} []
[2024-09-09T18:26:47.462200+00:00] doctrine.DEBUG: Beginning transaction [] []
[2024-09-09T18:26:47.478128+00:00] doctrine.DEBUG: Executing query: ALTER TABLE user ADD fullname VARCHAR(180) NOT NULL, ADD created_at DATETIME DEFAULT CURRENT_TIMESTAMP NOT NULL COMMENT '(DC2Type:datetime_immutable)' {"sql":"ALTER TABLE user ADD fullname VARCHAR(180) NOT NULL, ADD created_at DATETIME DEFAULT CURRENT_TIMESTAMP NOT NULL COMMENT '(DC2Type:datetime_immutable)'"} []
[2024-09-09T18:26:47.746719+00:00] doctrine.DEBUG: Executing query: ALTER TABLE user RENAME INDEX uniq_identifier_email TO UNIQ_8D93D649E7927C74 {"sql":"ALTER TABLE user RENAME INDEX uniq_identifier_email TO UNIQ_8D93D649E7927C74"} []
[2024-09-09T18:26:47.855960+00:00] doctrine.DEBUG: Executing statement: INSERT INTO doctrine_migration_versions (version, executed_at, execution_time) VALUES (?, ?, ?) (parameters: array{"1":"DoctrineMigrations\\Version20240909182634","2":"2024-09-09 18:26:47","3":386}, types: array{"1":2,"2":2,"3":1}) {"sql":"INSERT INTO doctrine_migration_versions (version, executed_at, execution_time) VALUES (?, ?, ?)","params":{"1":"DoctrineMigrations\\Version20240909182634","2":"2024-09-09 18:26:47","3":386},"types":{"1":2,"2":2,"3":1}} []
[2024-09-09T18:26:47.872861+00:00] deprecation.INFO: User Deprecated: Context: trying to commit a transaction Problem: the transaction is already committed, relying on silencing is deprecated. Solution: override `AbstractMigration::isTransactional()` so that it returns false. Automate that by setting `transactional` to false in the configuration. More details at https://www.doctrine-project.org/projects/doctrine-migrations/en/stable/explanation/implicit-commits.html (TransactionHelper.php:20 called by DbalExecutor.php:193, https://github.com/doctrine/migrations/issues/1169, package doctrine/migrations) {"exception":"[object] (ErrorException(code: 0): User Deprecated: Context: trying to commit a transaction\nProblem: the transaction is already committed, relying on silencing is deprecated.\nSolution: override `AbstractMigration::isTransactional()` so that it returns false.\nAutomate that by setting `transactional` to false in the configuration.\nMore details at https://www.doctrine-project.org/projects/doctrine-migrations/en/stable/explanation/implicit-commits.html (TransactionHelper.php:20 called by DbalExecutor.php:193, https://github.com/doctrine/migrations/issues/1169, package doctrine/migrations) at /Applications/MAMP/htdocs/Arcadia-Zoo/vendor/doctrine/deprecations/lib/Doctrine/Deprecations/Deprecation.php:210)"} []
[2024-09-09T18:26:47.926492+00:00] doctrine.INFO: Disconnecting [] []
[2024-09-09T18:27:03.954148+00:00] doctrine.INFO: Connecting with parameters array{"use_savepoints":true,"driver":"pdo_mysql","idle_connection_ttl":600,"host":"127.0.0.1","port":8889,"user":"root","password":"<redacted>","driverOptions":[],"defaultTableOptions":[],"dbname":"arcadiadb","serverVersion":"8.0.32","charset":"utf8mb4"} {"params":{"use_savepoints":true,"driver":"pdo_mysql","idle_connection_ttl":600,"host":"127.0.0.1","port":8889,"user":"root","password":"<redacted>","driverOptions":[],"defaultTableOptions":[],"dbname":"arcadiadb","serverVersion":"8.0.32","charset":"utf8mb4"}} []
[2024-09-09T18:27:03.999018+00:00] doctrine.DEBUG: Executing query: SELECT DATABASE() {"sql":"SELECT DATABASE()"} []
[2024-09-09T18:27:14.121517+00:00] doctrine.DEBUG: Beginning transaction [] []
[2024-09-09T18:27:14.253704+00:00] doctrine.DEBUG: Executing statement: DELETE FROM user {"sql":"DELETE FROM user"} []
[2024-09-09T18:27:15.221732+00:00] doctrine.DEBUG: Executing statement: SAVEPOINT DOCTRINE_2 {"sql":"SAVEPOINT DOCTRINE_2"} []
[2024-09-09T18:27:15.329066+00:00] doctrine.DEBUG: Executing statement: INSERT INTO user (email, fullname, roles, password, created_at) VALUES (?, ?, ?, ?, ?) (parameters: array{"1":"admin@arcadia.com","2":"Jos","3":"[\"ROLE_ADMIN\"]","4":"$2y$13$b71vZHJrxJ7QJUtLvLUgo.znsk6/qDiccuaTCqsw.tFd1PhlCIqW.","5":"2024-09-09 18:27:14"}, types: array{"1":2,"2":2,"3":2,"4":2,"5":2}) {"sql":"INSERT INTO user (email, fullname, roles, password, created_at) VALUES (?, ?, ?, ?, ?)","params":{"1":"admin@arcadia.com","2":"Jos","3":"[\"ROLE_ADMIN\"]","4":"$2y$13$b71vZHJrxJ7QJUtLvLUgo.znsk6/qDiccuaTCqsw.tFd1PhlCIqW.","5":"2024-09-09 18:27:14"},"types":{"1":2,"2":2,"3":2,"4":2,"5":2}} []
[2024-09-09T18:27:15.369055+00:00] doctrine.DEBUG: Executing statement: RELEASE SAVEPOINT DOCTRINE_2 {"sql":"RELEASE SAVEPOINT DOCTRINE_2"} []
[2024-09-09T18:27:15.370526+00:00] doctrine.DEBUG: Committing transaction [] []
[2024-09-09T18:27:15.383304+00:00] doctrine.INFO: Disconnecting [] []
[2024-09-09T18:27:49.197968+00:00] request.INFO: Matched route "app_login". {"route":"app_login","route_parameters":{"_route":"app_login","_controller":"App\\Controller\\SecurityController::login"},"request_uri":"http://127.0.0.1:8000/login","method":"GET"} []
[2024-09-09T18:27:49.245997+00:00] security.DEBUG: Checking for authenticator support. {"firewall_name":"main","authenticators":2} []
[2024-09-09T18:27:49.246142+00:00] security.DEBUG: Checking support on authenticator. {"firewall_name":"main","authenticator":"App\\Security\\UserAuthenticator"} []
[2024-09-09T18:27:49.246227+00:00] security.DEBUG: Authenticator does not support the request. {"firewall_name":"main","authenticator":"App\\Security\\UserAuthenticator"} []
[2024-09-09T18:27:49.246301+00:00] security.DEBUG: Checking support on authenticator. {"firewall_name":"main","authenticator":"Symfony\\Component\\Security\\Http\\Authenticator\\RememberMeAuthenticator"} []
[2024-09-09T18:27:49.246412+00:00] security.DEBUG: Authenticator does not support the request. {"firewall_name":"main","authenticator":"Symfony\\Component\\Security\\Http\\Authenticator\\RememberMeAuthenticator"} []
[2024-09-09T18:27:50.078844+00:00] request.INFO: Matched route "_wdt". {"route":"_wdt","route_parameters":{"_route":"_wdt","_controller":"web_profiler.controller.profiler::toolbarAction","token":"f47200"},"request_uri":"http://127.0.0.1:8000/_wdt/f47200?XDEBUG_IGNORE=1","method":"GET"} []
[2024-09-09T18:29:45.553867+00:00] request.INFO: Matched route "app_login". {"route":"app_login","route_parameters":{"_route":"app_login","_controller":"App\\Controller\\SecurityController::login"},"request_uri":"http://127.0.0.1:8000/login","method":"POST"} []
[2024-09-09T18:29:45.647520+00:00] security.DEBUG: Checking for authenticator support. {"firewall_name":"main","authenticators":2} []
[2024-09-09T18:29:45.647679+00:00] security.DEBUG: Checking support on authenticator. {"firewall_name":"main","authenticator":"App\\Security\\UserAuthenticator"} []
[2024-09-09T18:29:45.670760+00:00] security.DEBUG: Checking support on authenticator. {"firewall_name":"main","authenticator":"Symfony\\Component\\Security\\Http\\Authenticator\\RememberMeAuthenticator"} []
[2024-09-09T18:29:45.671123+00:00] security.DEBUG: Authenticator does not support the request. {"firewall_name":"main","authenticator":"Symfony\\Component\\Security\\Http\\Authenticator\\RememberMeAuthenticator"} []
[2024-09-09T18:29:45.789601+00:00] doctrine.INFO: Connecting with parameters array{"use_savepoints":true,"driver":"pdo_mysql","idle_connection_ttl":600,"host":"127.0.0.1","port":8889,"user":"root","password":"<redacted>","driverOptions":[],"defaultTableOptions":[],"dbname":"arcadiadb","serverVersion":"8.0.32","charset":"utf8mb4"} {"params":{"use_savepoints":true,"driver":"pdo_mysql","idle_connection_ttl":600,"host":"127.0.0.1","port":8889,"user":"root","password":"<redacted>","driverOptions":[],"defaultTableOptions":[],"dbname":"arcadiadb","serverVersion":"8.0.32","charset":"utf8mb4"}} []
[2024-09-09T18:29:45.883117+00:00] doctrine.DEBUG: Executing statement: SELECT t0.id AS id_1, t0.email AS email_2, t0.fullname AS fullname_3, t0.roles AS roles_4, t0.password AS password_5, t0.created_at AS created_at_6 FROM user t0 WHERE t0.email = ? LIMIT 1 (parameters: array{"1":"admin@arcadia.com"}, types: array{"1":2}) {"sql":"SELECT t0.id AS id_1, t0.email AS email_2, t0.fullname AS fullname_3, t0.roles AS roles_4, t0.password AS password_5, t0.created_at AS created_at_6 FROM user t0 WHERE t0.email = ? LIMIT 1","params":{"1":"admin@arcadia.com"},"types":{"1":2}} []
[2024-09-09T18:29:47.916827+00:00] security.INFO: Authenticator successful! {"token":{"Symfony\\Component\\Security\\Http\\Authenticator\\Token\\PostAuthenticationToken":"PostAuthenticationToken(user=\"admin@arcadia.com\", roles=\"ROLE_ADMIN, ROLE_USER\")"},"authenticator":"App\\Security\\UserAuthenticator"} []
[2024-09-09T18:29:47.940023+00:00] request.CRITICAL: Uncaught PHP Exception Exception: "TODO: provide a valid redirect inside /Applications/MAMP/htdocs/Arcadia-Zoo/src/Security/UserAuthenticator.php" at UserAuthenticator.php line 53 {"exception":"[object] (Exception(code: 0): TODO: provide a valid redirect inside /Applications/MAMP/htdocs/Arcadia-Zoo/src/Security/UserAuthenticator.php at /Applications/MAMP/htdocs/Arcadia-Zoo/src/Security/UserAuthenticator.php:53)"} []
[2024-09-09T18:29:48.361393+00:00] security.DEBUG: Stored the security token in the session. {"key":"_security_main"} []
[2024-09-09T18:29:48.513431+00:00] doctrine.INFO: Disconnecting [] []
[2024-09-09T18:29:48.842400+00:00] request.INFO: Matched route "_wdt". {"route":"_wdt","route_parameters":{"_route":"_wdt","_controller":"web_profiler.controller.profiler::toolbarAction","token":"5e0079"},"request_uri":"http://127.0.0.1:8000/_wdt/5e0079?XDEBUG_IGNORE=1","method":"GET"} []
